{
  "C:\\Users\\joy-j\\Desktop\\orderAndPay\\order-and-pay-frontend-admin\\src\\overmind\\example\\state.ts": {
    "path": "C:\\Users\\joy-j\\Desktop\\orderAndPay\\order-and-pay-frontend-admin\\src\\overmind\\example\\state.ts",
    "statementMap": {
      "0": {
        "start": {
          "line": 11,
          "column": 28
        },
        "end": {
          "line": 14,
          "column": 1
        }
      }
    },
    "fnMap": {},
    "branchMap": {},
    "s": {
      "0": 22
    },
    "f": {},
    "b": {},
    "_coverageSchema": "1a1c01bbd47fc00a2c39e90264f33305004495a9",
    "hash": "c2e9bbd8b22e3ccd33903af8fa3aa59ecb8e28df"
  },
  "C:\\Users\\joy-j\\Desktop\\orderAndPay\\order-and-pay-frontend-admin\\src\\overmind\\example\\actions.ts": {
    "path": "C:\\Users\\joy-j\\Desktop\\orderAndPay\\order-and-pay-frontend-admin\\src\\overmind\\example\\actions.ts",
    "statementMap": {
      "0": {
        "start": {
          "line": 3,
          "column": 26
        },
        "end": {
          "line": 7,
          "column": 1
        }
      },
      "1": {
        "start": {
          "line": 4,
          "column": 4
        },
        "end": {
          "line": 4,
          "column": 39
        }
      },
      "2": {
        "start": {
          "line": 5,
          "column": 4
        },
        "end": {
          "line": 5,
          "column": 74
        }
      },
      "3": {
        "start": {
          "line": 6,
          "column": 4
        },
        "end": {
          "line": 6,
          "column": 40
        }
      }
    },
    "fnMap": {
      "0": {
        "name": "(anonymous_0)",
        "decl": {
          "start": {
            "line": 3,
            "column": 26
          },
          "end": {
            "line": 3,
            "column": 27
          }
        },
        "loc": {
          "start": {
            "line": 3,
            "column": 65
          },
          "end": {
            "line": 7,
            "column": 1
          }
        },
        "line": 3
      }
    },
    "branchMap": {},
    "s": {
      "0": 22,
      "1": 22,
      "2": 22,
      "3": 21
    },
    "f": {
      "0": 22
    },
    "b": {},
    "_coverageSchema": "1a1c01bbd47fc00a2c39e90264f33305004495a9",
    "hash": "4fffbdd3eb2c644118b8e0a3f8976be1d6bb44c3"
  },
  "C:\\Users\\joy-j\\Desktop\\orderAndPay\\order-and-pay-frontend-admin\\src\\overmind\\example\\effects.ts": {
    "path": "C:\\Users\\joy-j\\Desktop\\orderAndPay\\order-and-pay-frontend-admin\\src\\overmind\\example\\effects.ts",
    "statementMap": {
      "0": {
        "start": {
          "line": 3,
          "column": 31
        },
        "end": {
          "line": 12,
          "column": 1
        }
      },
      "1": {
        "start": {
          "line": 5,
          "column": 25
        },
        "end": {
          "line": 5,
          "column": 82
        }
      },
      "2": {
        "start": {
          "line": 6,
          "column": 8
        },
        "end": {
          "line": 6,
          "column": 36
        }
      },
      "3": {
        "start": {
          "line": 9,
          "column": 25
        },
        "end": {
          "line": 9,
          "column": 88
        }
      },
      "4": {
        "start": {
          "line": 10,
          "column": 8
        },
        "end": {
          "line": 10,
          "column": 36
        }
      }
    },
    "fnMap": {
      "0": {
        "name": "(anonymous_0)",
        "decl": {
          "start": {
            "line": 4,
            "column": 14
          },
          "end": {
            "line": 4,
            "column": 15
          }
        },
        "loc": {
          "start": {
            "line": 4,
            "column": 43
          },
          "end": {
            "line": 7,
            "column": 5
          }
        },
        "line": 4
      },
      "1": {
        "name": "(anonymous_1)",
        "decl": {
          "start": {
            "line": 8,
            "column": 13
          },
          "end": {
            "line": 8,
            "column": 14
          }
        },
        "loc": {
          "start": {
            "line": 8,
            "column": 50
          },
          "end": {
            "line": 11,
            "column": 5
          }
        },
        "line": 8
      }
    },
    "branchMap": {},
    "s": {
      "0": 22,
      "1": 22,
      "2": 22,
      "3": 0,
      "4": 0
    },
    "f": {
      "0": 22,
      "1": 0
    },
    "b": {},
    "_coverageSchema": "1a1c01bbd47fc00a2c39e90264f33305004495a9",
    "hash": "9aa880f50347d70bc5b2c484917a5b78bd2dd53d"
  },
  "C:\\Users\\joy-j\\Desktop\\orderAndPay\\order-and-pay-frontend-admin\\src\\overmind\\example\\index.ts": {
    "path": "C:\\Users\\joy-j\\Desktop\\orderAndPay\\order-and-pay-frontend-admin\\src\\overmind\\example\\index.ts",
    "statementMap": {},
    "fnMap": {},
    "branchMap": {},
    "s": {},
    "f": {},
    "b": {},
    "_coverageSchema": "1a1c01bbd47fc00a2c39e90264f33305004495a9",
    "hash": "5b31bd7581f1fa36856bb1828f202902de1a9e71"
  },
  "C:\\Users\\joy-j\\Desktop\\orderAndPay\\order-and-pay-frontend-admin\\src\\overmind\\tables\\state.ts": {
    "path": "C:\\Users\\joy-j\\Desktop\\orderAndPay\\order-and-pay-frontend-admin\\src\\overmind\\tables\\state.ts",
    "statementMap": {
      "0": {
        "start": {
          "line": 17,
          "column": 34
        },
        "end": {
          "line": 21,
          "column": 1
        }
      },
      "1": {
        "start": {
          "line": 43,
          "column": 28
        },
        "end": {
          "line": 59,
          "column": 1
        }
      },
      "2": {
        "start": {
          "line": 48,
          "column": 45
        },
        "end": {
          "line": 48,
          "column": 75
        }
      },
      "3": {
        "start": {
          "line": 49,
          "column": 45
        },
        "end": {
          "line": 49,
          "column": 75
        }
      },
      "4": {
        "start": {
          "line": 50,
          "column": 44
        },
        "end": {
          "line": 50,
          "column": 89
        }
      },
      "5": {
        "start": {
          "line": 50,
          "column": 72
        },
        "end": {
          "line": 50,
          "column": 88
        }
      },
      "6": {
        "start": {
          "line": 51,
          "column": 44
        },
        "end": {
          "line": 51,
          "column": 96
        }
      },
      "7": {
        "start": {
          "line": 51,
          "column": 73
        },
        "end": {
          "line": 51,
          "column": 88
        }
      }
    },
    "fnMap": {
      "0": {
        "name": "(anonymous_0)",
        "decl": {
          "start": {
            "line": 48,
            "column": 27
          },
          "end": {
            "line": 48,
            "column": 28
          }
        },
        "loc": {
          "start": {
            "line": 48,
            "column": 45
          },
          "end": {
            "line": 48,
            "column": 75
          }
        },
        "line": 48
      },
      "1": {
        "name": "(anonymous_1)",
        "decl": {
          "start": {
            "line": 49,
            "column": 27
          },
          "end": {
            "line": 49,
            "column": 28
          }
        },
        "loc": {
          "start": {
            "line": 49,
            "column": 45
          },
          "end": {
            "line": 49,
            "column": 75
          }
        },
        "line": 49
      },
      "2": {
        "name": "(anonymous_2)",
        "decl": {
          "start": {
            "line": 50,
            "column": 26
          },
          "end": {
            "line": 50,
            "column": 27
          }
        },
        "loc": {
          "start": {
            "line": 50,
            "column": 44
          },
          "end": {
            "line": 50,
            "column": 89
          }
        },
        "line": 50
      },
      "3": {
        "name": "(anonymous_3)",
        "decl": {
          "start": {
            "line": 50,
            "column": 63
          },
          "end": {
            "line": 50,
            "column": 64
          }
        },
        "loc": {
          "start": {
            "line": 50,
            "column": 72
          },
          "end": {
            "line": 50,
            "column": 88
          }
        },
        "line": 50
      },
      "4": {
        "name": "(anonymous_4)",
        "decl": {
          "start": {
            "line": 51,
            "column": 26
          },
          "end": {
            "line": 51,
            "column": 27
          }
        },
        "loc": {
          "start": {
            "line": 51,
            "column": 44
          },
          "end": {
            "line": 51,
            "column": 96
          }
        },
        "line": 51
      },
      "5": {
        "name": "(anonymous_5)",
        "decl": {
          "start": {
            "line": 51,
            "column": 64
          },
          "end": {
            "line": 51,
            "column": 65
          }
        },
        "loc": {
          "start": {
            "line": 51,
            "column": 73
          },
          "end": {
            "line": 51,
            "column": 88
          }
        },
        "line": 51
      }
    },
    "branchMap": {},
    "s": {
      "0": 22,
      "1": 22,
      "2": 26,
      "3": 47,
      "4": 49,
      "5": 27,
      "6": 49,
      "7": 111
    },
    "f": {
      "0": 26,
      "1": 47,
      "2": 49,
      "3": 27,
      "4": 49,
      "5": 111
    },
    "b": {},
    "_coverageSchema": "1a1c01bbd47fc00a2c39e90264f33305004495a9",
    "hash": "bad00fa78de297a11651f0bd0bc6503a43587f00"
  },
  "C:\\Users\\joy-j\\Desktop\\orderAndPay\\order-and-pay-frontend-admin\\src\\services\\error.ts": {
    "path": "C:\\Users\\joy-j\\Desktop\\orderAndPay\\order-and-pay-frontend-admin\\src\\services\\error.ts",
    "statementMap": {
      "0": {
        "start": {
          "line": 4,
          "column": 28
        },
        "end": {
          "line": 9,
          "column": 1
        }
      },
      "1": {
        "start": {
          "line": 5,
          "column": 4
        },
        "end": {
          "line": 7,
          "column": 5
        }
      },
      "2": {
        "start": {
          "line": 6,
          "column": 8
        },
        "end": {
          "line": 6,
          "column": 22
        }
      },
      "3": {
        "start": {
          "line": 8,
          "column": 4
        },
        "end": {
          "line": 8,
          "column": 15
        }
      },
      "4": {
        "start": {
          "line": 11,
          "column": 36
        },
        "end": {
          "line": 19,
          "column": 1
        }
      },
      "5": {
        "start": {
          "line": 12,
          "column": 4
        },
        "end": {
          "line": 18,
          "column": 5
        }
      },
      "6": {
        "start": {
          "line": 13,
          "column": 8
        },
        "end": {
          "line": 13,
          "column": 74
        }
      },
      "7": {
        "start": {
          "line": 14,
          "column": 11
        },
        "end": {
          "line": 18,
          "column": 5
        }
      },
      "8": {
        "start": {
          "line": 15,
          "column": 8
        },
        "end": {
          "line": 15,
          "column": 112
        }
      },
      "9": {
        "start": {
          "line": 17,
          "column": 8
        },
        "end": {
          "line": 17,
          "column": 28
        }
      }
    },
    "fnMap": {
      "0": {
        "name": "(anonymous_0)",
        "decl": {
          "start": {
            "line": 4,
            "column": 28
          },
          "end": {
            "line": 4,
            "column": 29
          }
        },
        "loc": {
          "start": {
            "line": 4,
            "column": 67
          },
          "end": {
            "line": 9,
            "column": 1
          }
        },
        "line": 4
      },
      "1": {
        "name": "(anonymous_1)",
        "decl": {
          "start": {
            "line": 11,
            "column": 36
          },
          "end": {
            "line": 11,
            "column": 37
          }
        },
        "loc": {
          "start": {
            "line": 11,
            "column": 121
          },
          "end": {
            "line": 19,
            "column": 1
          }
        },
        "line": 11
      }
    },
    "branchMap": {
      "0": {
        "loc": {
          "start": {
            "line": 5,
            "column": 4
          },
          "end": {
            "line": 7,
            "column": 5
          }
        },
        "type": "if",
        "locations": [
          {
            "start": {
              "line": 5,
              "column": 4
            },
            "end": {
              "line": 7,
              "column": 5
            }
          },
          {
            "start": {
              "line": 5,
              "column": 4
            },
            "end": {
              "line": 7,
              "column": 5
            }
          }
        ],
        "line": 5
      },
      "1": {
        "loc": {
          "start": {
            "line": 12,
            "column": 4
          },
          "end": {
            "line": 18,
            "column": 5
          }
        },
        "type": "if",
        "locations": [
          {
            "start": {
              "line": 12,
              "column": 4
            },
            "end": {
              "line": 18,
              "column": 5
            }
          },
          {
            "start": {
              "line": 12,
              "column": 4
            },
            "end": {
              "line": 18,
              "column": 5
            }
          }
        ],
        "line": 12
      },
      "2": {
        "loc": {
          "start": {
            "line": 12,
            "column": 8
          },
          "end": {
            "line": 12,
            "column": 51
          }
        },
        "type": "binary-expr",
        "locations": [
          {
            "start": {
              "line": 12,
              "column": 8
            },
            "end": {
              "line": 12,
              "column": 33
            }
          },
          {
            "start": {
              "line": 12,
              "column": 37
            },
            "end": {
              "line": 12,
              "column": 51
            }
          }
        ],
        "line": 12
      },
      "3": {
        "loc": {
          "start": {
            "line": 14,
            "column": 11
          },
          "end": {
            "line": 18,
            "column": 5
          }
        },
        "type": "if",
        "locations": [
          {
            "start": {
              "line": 14,
              "column": 11
            },
            "end": {
              "line": 18,
              "column": 5
            }
          },
          {
            "start": {
              "line": 14,
              "column": 11
            },
            "end": {
              "line": 18,
              "column": 5
            }
          }
        ],
        "line": 14
      }
    },
    "s": {
      "0": 22,
      "1": 0,
      "2": 0,
      "3": 0,
      "4": 22,
      "5": 0,
      "6": 0,
      "7": 0,
      "8": 0,
      "9": 0
    },
    "f": {
      "0": 0,
      "1": 0
    },
    "b": {
      "0": [
        0,
        0
      ],
      "1": [
        0,
        0
      ],
      "2": [
        0,
        0
      ],
      "3": [
        0,
        0
      ]
    },
    "_coverageSchema": "1a1c01bbd47fc00a2c39e90264f33305004495a9",
    "hash": "2301fc72947d1ec7dead6a19d415abc2cfa88f7a"
  },
  "C:\\Users\\joy-j\\Desktop\\orderAndPay\\order-and-pay-frontend-admin\\src\\overmind\\tables\\actions.ts": {
    "path": "C:\\Users\\joy-j\\Desktop\\orderAndPay\\order-and-pay-frontend-admin\\src\\overmind\\tables\\actions.ts",
    "statementMap": {
      "0": {
        "start": {
          "line": 5,
          "column": 26
        },
        "end": {
          "line": 16,
          "column": 1
        }
      },
      "1": {
        "start": {
          "line": 6,
          "column": 4
        },
        "end": {
          "line": 6,
          "column": 39
        }
      },
      "2": {
        "start": {
          "line": 7,
          "column": 4
        },
        "end": {
          "line": 14,
          "column": 5
        }
      },
      "3": {
        "start": {
          "line": 8,
          "column": 25
        },
        "end": {
          "line": 8,
          "column": 57
        }
      },
      "4": {
        "start": {
          "line": 9,
          "column": 23
        },
        "end": {
          "line": 9,
          "column": 150
        }
      },
      "5": {
        "start": {
          "line": 9,
          "column": 75
        },
        "end": {
          "line": 9,
          "column": 148
        }
      },
      "6": {
        "start": {
          "line": 10,
          "column": 8
        },
        "end": {
          "line": 10,
          "column": 95
        }
      },
      "7": {
        "start": {
          "line": 10,
          "column": 52
        },
        "end": {
          "line": 10,
          "column": 94
        }
      },
      "8": {
        "start": {
          "line": 11,
          "column": 8
        },
        "end": {
          "line": 11,
          "column": 37
        }
      },
      "9": {
        "start": {
          "line": 13,
          "column": 8
        },
        "end": {
          "line": 13,
          "column": 57
        }
      },
      "10": {
        "start": {
          "line": 15,
          "column": 4
        },
        "end": {
          "line": 15,
          "column": 40
        }
      },
      "11": {
        "start": {
          "line": 18,
          "column": 27
        },
        "end": {
          "line": 30,
          "column": 1
        }
      },
      "12": {
        "start": {
          "line": 19,
          "column": 4
        },
        "end": {
          "line": 19,
          "column": 39
        }
      },
      "13": {
        "start": {
          "line": 20,
          "column": 4
        },
        "end": {
          "line": 28,
          "column": 5
        }
      },
      "14": {
        "start": {
          "line": 21,
          "column": 25
        },
        "end": {
          "line": 21,
          "column": 84
        }
      },
      "15": {
        "start": {
          "line": 22,
          "column": 25
        },
        "end": {
          "line": 22,
          "column": 114
        }
      },
      "16": {
        "start": {
          "line": 23,
          "column": 8
        },
        "end": {
          "line": 23,
          "column": 64
        }
      },
      "17": {
        "start": {
          "line": 24,
          "column": 8
        },
        "end": {
          "line": 24,
          "column": 37
        }
      },
      "18": {
        "start": {
          "line": 25,
          "column": 8
        },
        "end": {
          "line": 25,
          "column": 30
        }
      },
      "19": {
        "start": {
          "line": 27,
          "column": 8
        },
        "end": {
          "line": 27,
          "column": 57
        }
      },
      "20": {
        "start": {
          "line": 29,
          "column": 4
        },
        "end": {
          "line": 29,
          "column": 40
        }
      },
      "21": {
        "start": {
          "line": 32,
          "column": 27
        },
        "end": {
          "line": 46,
          "column": 1
        }
      },
      "22": {
        "start": {
          "line": 33,
          "column": 4
        },
        "end": {
          "line": 33,
          "column": 39
        }
      },
      "23": {
        "start": {
          "line": 34,
          "column": 4
        },
        "end": {
          "line": 43,
          "column": 5
        }
      },
      "24": {
        "start": {
          "line": 35,
          "column": 25
        },
        "end": {
          "line": 35,
          "column": 88
        }
      },
      "25": {
        "start": {
          "line": 36,
          "column": 29
        },
        "end": {
          "line": 36,
          "column": 95
        }
      },
      "26": {
        "start": {
          "line": 37,
          "column": 25
        },
        "end": {
          "line": 37,
          "column": 86
        }
      },
      "27": {
        "start": {
          "line": 37,
          "column": 68
        },
        "end": {
          "line": 37,
          "column": 84
        }
      },
      "28": {
        "start": {
          "line": 38,
          "column": 8
        },
        "end": {
          "line": 38,
          "column": 49
        }
      },
      "29": {
        "start": {
          "line": 39,
          "column": 8
        },
        "end": {
          "line": 39,
          "column": 55
        }
      },
      "30": {
        "start": {
          "line": 40,
          "column": 8
        },
        "end": {
          "line": 40,
          "column": 37
        }
      },
      "31": {
        "start": {
          "line": 42,
          "column": 8
        },
        "end": {
          "line": 42,
          "column": 57
        }
      },
      "32": {
        "start": {
          "line": 44,
          "column": 4
        },
        "end": {
          "line": 44,
          "column": 32
        }
      },
      "33": {
        "start": {
          "line": 45,
          "column": 4
        },
        "end": {
          "line": 45,
          "column": 40
        }
      },
      "34": {
        "start": {
          "line": 48,
          "column": 27
        },
        "end": {
          "line": 56,
          "column": 1
        }
      },
      "35": {
        "start": {
          "line": 49,
          "column": 4
        },
        "end": {
          "line": 55,
          "column": 5
        }
      },
      "36": {
        "start": {
          "line": 50,
          "column": 8
        },
        "end": {
          "line": 50,
          "column": 44
        }
      },
      "37": {
        "start": {
          "line": 51,
          "column": 8
        },
        "end": {
          "line": 51,
          "column": 92
        }
      },
      "38": {
        "start": {
          "line": 51,
          "column": 75
        },
        "end": {
          "line": 51,
          "column": 91
        }
      },
      "39": {
        "start": {
          "line": 52,
          "column": 8
        },
        "end": {
          "line": 52,
          "column": 37
        }
      },
      "40": {
        "start": {
          "line": 54,
          "column": 8
        },
        "end": {
          "line": 54,
          "column": 57
        }
      },
      "41": {
        "start": {
          "line": 58,
          "column": 25
        },
        "end": {
          "line": 61,
          "column": 1
        }
      },
      "42": {
        "start": {
          "line": 59,
          "column": 41
        },
        "end": {
          "line": 59,
          "column": 102
        }
      },
      "43": {
        "start": {
          "line": 59,
          "column": 84
        },
        "end": {
          "line": 59,
          "column": 100
        }
      },
      "44": {
        "start": {
          "line": 60,
          "column": 4
        },
        "end": {
          "line": 60,
          "column": 48
        }
      },
      "45": {
        "start": {
          "line": 63,
          "column": 33
        },
        "end": {
          "line": 66,
          "column": 1
        }
      },
      "46": {
        "start": {
          "line": 64,
          "column": 33
        },
        "end": {
          "line": 64,
          "column": 94
        }
      },
      "47": {
        "start": {
          "line": 64,
          "column": 76
        },
        "end": {
          "line": 64,
          "column": 92
        }
      },
      "48": {
        "start": {
          "line": 65,
          "column": 4
        },
        "end": {
          "line": 65,
          "column": 54
        }
      },
      "49": {
        "start": {
          "line": 68,
          "column": 29
        },
        "end": {
          "line": 71,
          "column": 1
        }
      },
      "50": {
        "start": {
          "line": 69,
          "column": 33
        },
        "end": {
          "line": 69,
          "column": 94
        }
      },
      "51": {
        "start": {
          "line": 69,
          "column": 76
        },
        "end": {
          "line": 69,
          "column": 92
        }
      },
      "52": {
        "start": {
          "line": 70,
          "column": 4
        },
        "end": {
          "line": 70,
          "column": 38
        }
      },
      "53": {
        "start": {
          "line": 73,
          "column": 34
        },
        "end": {
          "line": 84,
          "column": 1
        }
      },
      "54": {
        "start": {
          "line": 74,
          "column": 29
        },
        "end": {
          "line": 74,
          "column": 34
        }
      },
      "55": {
        "start": {
          "line": 75,
          "column": 22
        },
        "end": {
          "line": 75,
          "column": 26
        }
      },
      "56": {
        "start": {
          "line": 77,
          "column": 4
        },
        "end": {
          "line": 78,
          "column": 33
        }
      },
      "57": {
        "start": {
          "line": 77,
          "column": 42
        },
        "end": {
          "line": 77,
          "column": 57
        }
      },
      "58": {
        "start": {
          "line": 78,
          "column": 8
        },
        "end": {
          "line": 78,
          "column": 33
        }
      },
      "59": {
        "start": {
          "line": 80,
          "column": 4
        },
        "end": {
          "line": 81,
          "column": 27
        }
      },
      "60": {
        "start": {
          "line": 81,
          "column": 8
        },
        "end": {
          "line": 81,
          "column": 27
        }
      },
      "61": {
        "start": {
          "line": 83,
          "column": 4
        },
        "end": {
          "line": 83,
          "column": 71
        }
      },
      "62": {
        "start": {
          "line": 83,
          "column": 41
        },
        "end": {
          "line": 83,
          "column": 70
        }
      },
      "63": {
        "start": {
          "line": 86,
          "column": 25
        },
        "end": {
          "line": 111,
          "column": 1
        }
      },
      "64": {
        "start": {
          "line": 88,
          "column": 4
        },
        "end": {
          "line": 93,
          "column": 5
        }
      },
      "65": {
        "start": {
          "line": 89,
          "column": 8
        },
        "end": {
          "line": 92,
          "column": 122
        }
      },
      "66": {
        "start": {
          "line": 90,
          "column": 12
        },
        "end": {
          "line": 90,
          "column": 128
        }
      },
      "67": {
        "start": {
          "line": 91,
          "column": 13
        },
        "end": {
          "line": 92,
          "column": 122
        }
      },
      "68": {
        "start": {
          "line": 92,
          "column": 12
        },
        "end": {
          "line": 92,
          "column": 122
        }
      },
      "69": {
        "start": {
          "line": 95,
          "column": 4
        },
        "end": {
          "line": 95,
          "column": 48
        }
      },
      "70": {
        "start": {
          "line": 97,
          "column": 4
        },
        "end": {
          "line": 110,
          "column": 5
        }
      },
      "71": {
        "start": {
          "line": 99,
          "column": 12
        },
        "end": {
          "line": 102,
          "column": 97
        }
      },
      "72": {
        "start": {
          "line": 100,
          "column": 16
        },
        "end": {
          "line": 100,
          "column": 97
        }
      },
      "73": {
        "start": {
          "line": 100,
          "column": 73
        },
        "end": {
          "line": 100,
          "column": 96
        }
      },
      "74": {
        "start": {
          "line": 102,
          "column": 16
        },
        "end": {
          "line": 102,
          "column": 97
        }
      },
      "75": {
        "start": {
          "line": 102,
          "column": 73
        },
        "end": {
          "line": 102,
          "column": 96
        }
      },
      "76": {
        "start": {
          "line": 103,
          "column": 12
        },
        "end": {
          "line": 103,
          "column": 18
        }
      },
      "77": {
        "start": {
          "line": 105,
          "column": 12
        },
        "end": {
          "line": 108,
          "column": 116
        }
      },
      "78": {
        "start": {
          "line": 106,
          "column": 16
        },
        "end": {
          "line": 106,
          "column": 116
        }
      },
      "79": {
        "start": {
          "line": 106,
          "column": 73
        },
        "end": {
          "line": 106,
          "column": 115
        }
      },
      "80": {
        "start": {
          "line": 108,
          "column": 16
        },
        "end": {
          "line": 108,
          "column": 116
        }
      },
      "81": {
        "start": {
          "line": 108,
          "column": 73
        },
        "end": {
          "line": 108,
          "column": 115
        }
      },
      "82": {
        "start": {
          "line": 109,
          "column": 12
        },
        "end": {
          "line": 109,
          "column": 18
        }
      },
      "83": {
        "start": {
          "line": 113,
          "column": 26
        },
        "end": {
          "line": 126,
          "column": 1
        }
      },
      "84": {
        "start": {
          "line": 114,
          "column": 4
        },
        "end": {
          "line": 125,
          "column": 5
        }
      },
      "85": {
        "start": {
          "line": 115,
          "column": 8
        },
        "end": {
          "line": 120,
          "column": 10
        }
      },
      "86": {
        "start": {
          "line": 116,
          "column": 12
        },
        "end": {
          "line": 119,
          "column": 13
        }
      },
      "87": {
        "start": {
          "line": 117,
          "column": 16
        },
        "end": {
          "line": 117,
          "column": 49
        }
      },
      "88": {
        "start": {
          "line": 118,
          "column": 16
        },
        "end": {
          "line": 118,
          "column": 103
        }
      },
      "89": {
        "start": {
          "line": 118,
          "column": 83
        },
        "end": {
          "line": 118,
          "column": 102
        }
      },
      "90": {
        "start": {
          "line": 122,
          "column": 8
        },
        "end": {
          "line": 122,
          "column": 37
        }
      },
      "91": {
        "start": {
          "line": 124,
          "column": 8
        },
        "end": {
          "line": 124,
          "column": 57
        }
      }
    },
    "fnMap": {
      "0": {
        "name": "(anonymous_0)",
        "decl": {
          "start": {
            "line": 5,
            "column": 26
          },
          "end": {
            "line": 5,
            "column": 27
          }
        },
        "loc": {
          "start": {
            "line": 5,
            "column": 65
          },
          "end": {
            "line": 16,
            "column": 1
          }
        },
        "line": 5
      },
      "1": {
        "name": "(anonymous_1)",
        "decl": {
          "start": {
            "line": 9,
            "column": 56
          },
          "end": {
            "line": 9,
            "column": 57
          }
        },
        "loc": {
          "start": {
            "line": 9,
            "column": 75
          },
          "end": {
            "line": 9,
            "column": 148
          }
        },
        "line": 9
      },
      "2": {
        "name": "(anonymous_2)",
        "decl": {
          "start": {
            "line": 10,
            "column": 42
          },
          "end": {
            "line": 10,
            "column": 43
          }
        },
        "loc": {
          "start": {
            "line": 10,
            "column": 52
          },
          "end": {
            "line": 10,
            "column": 94
          }
        },
        "line": 10
      },
      "3": {
        "name": "(anonymous_3)",
        "decl": {
          "start": {
            "line": 18,
            "column": 27
          },
          "end": {
            "line": 18,
            "column": 28
          }
        },
        "loc": {
          "start": {
            "line": 18,
            "column": 196
          },
          "end": {
            "line": 30,
            "column": 1
          }
        },
        "line": 18
      },
      "4": {
        "name": "(anonymous_4)",
        "decl": {
          "start": {
            "line": 32,
            "column": 27
          },
          "end": {
            "line": 32,
            "column": 28
          }
        },
        "loc": {
          "start": {
            "line": 32,
            "column": 161
          },
          "end": {
            "line": 46,
            "column": 1
          }
        },
        "line": 32
      },
      "5": {
        "name": "(anonymous_5)",
        "decl": {
          "start": {
            "line": 37,
            "column": 50
          },
          "end": {
            "line": 37,
            "column": 51
          }
        },
        "loc": {
          "start": {
            "line": 37,
            "column": 68
          },
          "end": {
            "line": 37,
            "column": 84
          }
        },
        "line": 37
      },
      "6": {
        "name": "(anonymous_6)",
        "decl": {
          "start": {
            "line": 48,
            "column": 27
          },
          "end": {
            "line": 48,
            "column": 28
          }
        },
        "loc": {
          "start": {
            "line": 48,
            "column": 78
          },
          "end": {
            "line": 56,
            "column": 1
          }
        },
        "line": 48
      },
      "7": {
        "name": "(anonymous_7)",
        "decl": {
          "start": {
            "line": 51,
            "column": 57
          },
          "end": {
            "line": 51,
            "column": 58
          }
        },
        "loc": {
          "start": {
            "line": 51,
            "column": 75
          },
          "end": {
            "line": 51,
            "column": 91
          }
        },
        "line": 51
      },
      "8": {
        "name": "(anonymous_8)",
        "decl": {
          "start": {
            "line": 58,
            "column": 25
          },
          "end": {
            "line": 58,
            "column": 26
          }
        },
        "loc": {
          "start": {
            "line": 58,
            "column": 67
          },
          "end": {
            "line": 61,
            "column": 1
          }
        },
        "line": 58
      },
      "9": {
        "name": "(anonymous_9)",
        "decl": {
          "start": {
            "line": 59,
            "column": 66
          },
          "end": {
            "line": 59,
            "column": 67
          }
        },
        "loc": {
          "start": {
            "line": 59,
            "column": 84
          },
          "end": {
            "line": 59,
            "column": 100
          }
        },
        "line": 59
      },
      "10": {
        "name": "(anonymous_10)",
        "decl": {
          "start": {
            "line": 63,
            "column": 33
          },
          "end": {
            "line": 63,
            "column": 34
          }
        },
        "loc": {
          "start": {
            "line": 63,
            "column": 75
          },
          "end": {
            "line": 66,
            "column": 1
          }
        },
        "line": 63
      },
      "11": {
        "name": "(anonymous_11)",
        "decl": {
          "start": {
            "line": 64,
            "column": 58
          },
          "end": {
            "line": 64,
            "column": 59
          }
        },
        "loc": {
          "start": {
            "line": 64,
            "column": 76
          },
          "end": {
            "line": 64,
            "column": 92
          }
        },
        "line": 64
      },
      "12": {
        "name": "(anonymous_12)",
        "decl": {
          "start": {
            "line": 68,
            "column": 29
          },
          "end": {
            "line": 68,
            "column": 30
          }
        },
        "loc": {
          "start": {
            "line": 68,
            "column": 71
          },
          "end": {
            "line": 71,
            "column": 1
          }
        },
        "line": 68
      },
      "13": {
        "name": "(anonymous_13)",
        "decl": {
          "start": {
            "line": 69,
            "column": 58
          },
          "end": {
            "line": 69,
            "column": 59
          }
        },
        "loc": {
          "start": {
            "line": 69,
            "column": 76
          },
          "end": {
            "line": 69,
            "column": 92
          }
        },
        "line": 69
      },
      "14": {
        "name": "(anonymous_14)",
        "decl": {
          "start": {
            "line": 73,
            "column": 34
          },
          "end": {
            "line": 73,
            "column": 35
          }
        },
        "loc": {
          "start": {
            "line": 73,
            "column": 64
          },
          "end": {
            "line": 84,
            "column": 1
          }
        },
        "line": 73
      },
      "15": {
        "name": "(anonymous_15)",
        "decl": {
          "start": {
            "line": 77,
            "column": 33
          },
          "end": {
            "line": 77,
            "column": 34
          }
        },
        "loc": {
          "start": {
            "line": 77,
            "column": 42
          },
          "end": {
            "line": 77,
            "column": 57
          }
        },
        "line": 77
      },
      "16": {
        "name": "(anonymous_16)",
        "decl": {
          "start": {
            "line": 83,
            "column": 32
          },
          "end": {
            "line": 83,
            "column": 33
          }
        },
        "loc": {
          "start": {
            "line": 83,
            "column": 41
          },
          "end": {
            "line": 83,
            "column": 70
          }
        },
        "line": 83
      },
      "17": {
        "name": "(anonymous_17)",
        "decl": {
          "start": {
            "line": 86,
            "column": 25
          },
          "end": {
            "line": 86,
            "column": 26
          }
        },
        "loc": {
          "start": {
            "line": 86,
            "column": 114
          },
          "end": {
            "line": 111,
            "column": 1
          }
        },
        "line": 86
      },
      "18": {
        "name": "(anonymous_18)",
        "decl": {
          "start": {
            "line": 100,
            "column": 63
          },
          "end": {
            "line": 100,
            "column": 64
          }
        },
        "loc": {
          "start": {
            "line": 100,
            "column": 73
          },
          "end": {
            "line": 100,
            "column": 96
          }
        },
        "line": 100
      },
      "19": {
        "name": "(anonymous_19)",
        "decl": {
          "start": {
            "line": 102,
            "column": 63
          },
          "end": {
            "line": 102,
            "column": 64
          }
        },
        "loc": {
          "start": {
            "line": 102,
            "column": 73
          },
          "end": {
            "line": 102,
            "column": 96
          }
        },
        "line": 102
      },
      "20": {
        "name": "(anonymous_20)",
        "decl": {
          "start": {
            "line": 106,
            "column": 63
          },
          "end": {
            "line": 106,
            "column": 64
          }
        },
        "loc": {
          "start": {
            "line": 106,
            "column": 73
          },
          "end": {
            "line": 106,
            "column": 115
          }
        },
        "line": 106
      },
      "21": {
        "name": "(anonymous_21)",
        "decl": {
          "start": {
            "line": 108,
            "column": 63
          },
          "end": {
            "line": 108,
            "column": 64
          }
        },
        "loc": {
          "start": {
            "line": 108,
            "column": 73
          },
          "end": {
            "line": 108,
            "column": 115
          }
        },
        "line": 108
      },
      "22": {
        "name": "(anonymous_22)",
        "decl": {
          "start": {
            "line": 113,
            "column": 26
          },
          "end": {
            "line": 113,
            "column": 27
          }
        },
        "loc": {
          "start": {
            "line": 113,
            "column": 65
          },
          "end": {
            "line": 126,
            "column": 1
          }
        },
        "line": 113
      },
      "23": {
        "name": "(anonymous_23)",
        "decl": {
          "start": {
            "line": 115,
            "column": 42
          },
          "end": {
            "line": 115,
            "column": 43
          }
        },
        "loc": {
          "start": {
            "line": 115,
            "column": 47
          },
          "end": {
            "line": 120,
            "column": 9
          }
        },
        "line": 115
      },
      "24": {
        "name": "(anonymous_24)",
        "decl": {
          "start": {
            "line": 118,
            "column": 65
          },
          "end": {
            "line": 118,
            "column": 66
          }
        },
        "loc": {
          "start": {
            "line": 118,
            "column": 83
          },
          "end": {
            "line": 118,
            "column": 102
          }
        },
        "line": 118
      }
    },
    "branchMap": {
      "0": {
        "loc": {
          "start": {
            "line": 77,
            "column": 4
          },
          "end": {
            "line": 78,
            "column": 33
          }
        },
        "type": "if",
        "locations": [
          {
            "start": {
              "line": 77,
              "column": 4
            },
            "end": {
              "line": 78,
              "column": 33
            }
          },
          {
            "start": {
              "line": 77,
              "column": 4
            },
            "end": {
              "line": 78,
              "column": 33
            }
          }
        ],
        "line": 77
      },
      "1": {
        "loc": {
          "start": {
            "line": 80,
            "column": 4
          },
          "end": {
            "line": 81,
            "column": 27
          }
        },
        "type": "if",
        "locations": [
          {
            "start": {
              "line": 80,
              "column": 4
            },
            "end": {
              "line": 81,
              "column": 27
            }
          },
          {
            "start": {
              "line": 80,
              "column": 4
            },
            "end": {
              "line": 81,
              "column": 27
            }
          }
        ],
        "line": 80
      },
      "2": {
        "loc": {
          "start": {
            "line": 88,
            "column": 4
          },
          "end": {
            "line": 93,
            "column": 5
          }
        },
        "type": "if",
        "locations": [
          {
            "start": {
              "line": 88,
              "column": 4
            },
            "end": {
              "line": 93,
              "column": 5
            }
          },
          {
            "start": {
              "line": 88,
              "column": 4
            },
            "end": {
              "line": 93,
              "column": 5
            }
          }
        ],
        "line": 88
      },
      "3": {
        "loc": {
          "start": {
            "line": 89,
            "column": 8
          },
          "end": {
            "line": 92,
            "column": 122
          }
        },
        "type": "if",
        "locations": [
          {
            "start": {
              "line": 89,
              "column": 8
            },
            "end": {
              "line": 92,
              "column": 122
            }
          },
          {
            "start": {
              "line": 89,
              "column": 8
            },
            "end": {
              "line": 92,
              "column": 122
            }
          }
        ],
        "line": 89
      },
      "4": {
        "loc": {
          "start": {
            "line": 90,
            "column": 58
          },
          "end": {
            "line": 90,
            "column": 128
          }
        },
        "type": "cond-expr",
        "locations": [
          {
            "start": {
              "line": 90,
              "column": 114
            },
            "end": {
              "line": 90,
              "column": 120
            }
          },
          {
            "start": {
              "line": 90,
              "column": 123
            },
            "end": {
              "line": 90,
              "column": 128
            }
          }
        ],
        "line": 90
      },
      "5": {
        "loc": {
          "start": {
            "line": 91,
            "column": 13
          },
          "end": {
            "line": 92,
            "column": 122
          }
        },
        "type": "if",
        "locations": [
          {
            "start": {
              "line": 91,
              "column": 13
            },
            "end": {
              "line": 92,
              "column": 122
            }
          },
          {
            "start": {
              "line": 91,
              "column": 13
            },
            "end": {
              "line": 92,
              "column": 122
            }
          }
        ],
        "line": 91
      },
      "6": {
        "loc": {
          "start": {
            "line": 92,
            "column": 55
          },
          "end": {
            "line": 92,
            "column": 122
          }
        },
        "type": "cond-expr",
        "locations": [
          {
            "start": {
              "line": 92,
              "column": 108
            },
            "end": {
              "line": 92,
              "column": 114
            }
          },
          {
            "start": {
              "line": 92,
              "column": 117
            },
            "end": {
              "line": 92,
              "column": 122
            }
          }
        ],
        "line": 92
      },
      "7": {
        "loc": {
          "start": {
            "line": 97,
            "column": 4
          },
          "end": {
            "line": 110,
            "column": 5
          }
        },
        "type": "switch",
        "locations": [
          {
            "start": {
              "line": 98,
              "column": 8
            },
            "end": {
              "line": 103,
              "column": 18
            }
          },
          {
            "start": {
              "line": 104,
              "column": 8
            },
            "end": {
              "line": 109,
              "column": 18
            }
          }
        ],
        "line": 97
      },
      "8": {
        "loc": {
          "start": {
            "line": 99,
            "column": 12
          },
          "end": {
            "line": 102,
            "column": 97
          }
        },
        "type": "if",
        "locations": [
          {
            "start": {
              "line": 99,
              "column": 12
            },
            "end": {
              "line": 102,
              "column": 97
            }
          },
          {
            "start": {
              "line": 99,
              "column": 12
            },
            "end": {
              "line": 102,
              "column": 97
            }
          }
        ],
        "line": 99
      },
      "9": {
        "loc": {
          "start": {
            "line": 105,
            "column": 12
          },
          "end": {
            "line": 108,
            "column": 116
          }
        },
        "type": "if",
        "locations": [
          {
            "start": {
              "line": 105,
              "column": 12
            },
            "end": {
              "line": 108,
              "column": 116
            }
          },
          {
            "start": {
              "line": 105,
              "column": 12
            },
            "end": {
              "line": 108,
              "column": 116
            }
          }
        ],
        "line": 105
      },
      "10": {
        "loc": {
          "start": {
            "line": 116,
            "column": 12
          },
          "end": {
            "line": 119,
            "column": 13
          }
        },
        "type": "if",
        "locations": [
          {
            "start": {
              "line": 116,
              "column": 12
            },
            "end": {
              "line": 119,
              "column": 13
            }
          },
          {
            "start": {
              "line": 116,
              "column": 12
            },
            "end": {
              "line": 119,
              "column": 13
            }
          }
        ],
        "line": 116
      }
    },
    "s": {
      "0": 22,
      "1": 22,
      "2": 22,
      "3": 22,
      "4": 22,
      "5": 88,
      "6": 22,
      "7": 66,
      "8": 22,
      "9": 0,
      "10": 22,
      "11": 22,
      "12": 4,
      "13": 4,
      "14": 4,
      "15": 4,
      "16": 4,
      "17": 4,
      "18": 4,
      "19": 0,
      "20": 4,
      "21": 22,
      "22": 2,
      "23": 2,
      "24": 2,
      "25": 2,
      "26": 2,
      "27": 2,
      "28": 2,
      "29": 2,
      "30": 2,
      "31": 0,
      "32": 2,
      "33": 2,
      "34": 22,
      "35": 1,
      "36": 1,
      "37": 1,
      "38": 4,
      "39": 1,
      "40": 0,
      "41": 22,
      "42": 6,
      "43": 6,
      "44": 6,
      "45": 22,
      "46": 3,
      "47": 3,
      "48": 3,
      "49": 22,
      "50": 0,
      "51": 0,
      "52": 0,
      "53": 22,
      "54": 0,
      "55": 0,
      "56": 0,
      "57": 0,
      "58": 0,
      "59": 0,
      "60": 0,
      "61": 0,
      "62": 0,
      "63": 22,
      "64": 0,
      "65": 0,
      "66": 0,
      "67": 0,
      "68": 0,
      "69": 0,
      "70": 0,
      "71": 0,
      "72": 0,
      "73": 0,
      "74": 0,
      "75": 0,
      "76": 0,
      "77": 0,
      "78": 0,
      "79": 0,
      "80": 0,
      "81": 0,
      "82": 0,
      "83": 22,
      "84": 0,
      "85": 0,
      "86": 0,
      "87": 0,
      "88": 0,
      "89": 0,
      "90": 0,
      "91": 0
    },
    "f": {
      "0": 22,
      "1": 88,
      "2": 66,
      "3": 4,
      "4": 2,
      "5": 2,
      "6": 1,
      "7": 4,
      "8": 6,
      "9": 6,
      "10": 3,
      "11": 3,
      "12": 0,
      "13": 0,
      "14": 0,
      "15": 0,
      "16": 0,
      "17": 0,
      "18": 0,
      "19": 0,
      "20": 0,
      "21": 0,
      "22": 0,
      "23": 0,
      "24": 0
    },
    "b": {
      "0": [
        0,
        0
      ],
      "1": [
        0,
        0
      ],
      "2": [
        0,
        0
      ],
      "3": [
        0,
        0
      ],
      "4": [
        0,
        0
      ],
      "5": [
        0,
        0
      ],
      "6": [
        0,
        0
      ],
      "7": [
        0,
        0
      ],
      "8": [
        0,
        0
      ],
      "9": [
        0,
        0
      ],
      "10": [
        0,
        0
      ]
    },
    "_coverageSchema": "1a1c01bbd47fc00a2c39e90264f33305004495a9",
    "hash": "c10f2dba6868993fb0d091c7c03edff6eb280f5b"
  },
  "C:\\Users\\joy-j\\Desktop\\orderAndPay\\order-and-pay-frontend-admin\\src\\config.global.ts": {
    "path": "C:\\Users\\joy-j\\Desktop\\orderAndPay\\order-and-pay-frontend-admin\\src\\config.global.ts",
    "statementMap": {
      "0": {
        "start": {
          "line": 1,
          "column": 22
        },
        "end": {
          "line": 6,
          "column": 1
        }
      }
    },
    "fnMap": {},
    "branchMap": {},
    "s": {
      "0": 22
    },
    "f": {},
    "b": {},
    "_coverageSchema": "1a1c01bbd47fc00a2c39e90264f33305004495a9",
    "hash": "dc9891f9b39ea3bd1c289fbe19b9f148e771cdca"
  },
  "C:\\Users\\joy-j\\Desktop\\orderAndPay\\order-and-pay-frontend-admin\\src\\services\\axios.ts": {
    "path": "C:\\Users\\joy-j\\Desktop\\orderAndPay\\order-and-pay-frontend-admin\\src\\services\\axios.ts",
    "statementMap": {
      "0": {
        "start": {
          "line": 4,
          "column": 23
        },
        "end": {
          "line": 6,
          "column": 2
        }
      }
    },
    "fnMap": {},
    "branchMap": {},
    "s": {
      "0": 22
    },
    "f": {},
    "b": {},
    "_coverageSchema": "1a1c01bbd47fc00a2c39e90264f33305004495a9",
    "hash": "f5b57c9767f3dc32371a472d4fb02e4c3dd11447"
  },
  "C:\\Users\\joy-j\\Desktop\\orderAndPay\\order-and-pay-frontend-admin\\src\\overmind\\tables\\effects.ts": {
    "path": "C:\\Users\\joy-j\\Desktop\\orderAndPay\\order-and-pay-frontend-admin\\src\\overmind\\tables\\effects.ts",
    "statementMap": {
      "0": {
        "start": {
          "line": 4,
          "column": 25
        },
        "end": {
          "line": 4,
          "column": 62
        }
      },
      "1": {
        "start": {
          "line": 4,
          "column": 31
        },
        "end": {
          "line": 4,
          "column": 62
        }
      },
      "2": {
        "start": {
          "line": 6,
          "column": 27
        },
        "end": {
          "line": 10,
          "column": 2
        }
      },
      "3": {
        "start": {
          "line": 6,
          "column": 101
        },
        "end": {
          "line": 10,
          "column": 2
        }
      },
      "4": {
        "start": {
          "line": 12,
          "column": 27
        },
        "end": {
          "line": 16,
          "column": 2
        }
      },
      "5": {
        "start": {
          "line": 12,
          "column": 117
        },
        "end": {
          "line": 16,
          "column": 2
        }
      },
      "6": {
        "start": {
          "line": 18,
          "column": 27
        },
        "end": {
          "line": 18,
          "column": 89
        }
      },
      "7": {
        "start": {
          "line": 18,
          "column": 58
        },
        "end": {
          "line": 18,
          "column": 89
        }
      },
      "8": {
        "start": {
          "line": 20,
          "column": 29
        },
        "end": {
          "line": 28,
          "column": 1
        }
      },
      "9": {
        "start": {
          "line": 21,
          "column": 4
        },
        "end": {
          "line": 27,
          "column": 6
        }
      },
      "10": {
        "start": {
          "line": 22,
          "column": 8
        },
        "end": {
          "line": 26,
          "column": 14
        }
      },
      "11": {
        "start": {
          "line": 23,
          "column": 12
        },
        "end": {
          "line": 25,
          "column": 14
        }
      }
    },
    "fnMap": {
      "0": {
        "name": "(anonymous_0)",
        "decl": {
          "start": {
            "line": 4,
            "column": 25
          },
          "end": {
            "line": 4,
            "column": 26
          }
        },
        "loc": {
          "start": {
            "line": 4,
            "column": 31
          },
          "end": {
            "line": 4,
            "column": 62
          }
        },
        "line": 4
      },
      "1": {
        "name": "(anonymous_1)",
        "decl": {
          "start": {
            "line": 6,
            "column": 27
          },
          "end": {
            "line": 6,
            "column": 28
          }
        },
        "loc": {
          "start": {
            "line": 6,
            "column": 101
          },
          "end": {
            "line": 10,
            "column": 2
          }
        },
        "line": 6
      },
      "2": {
        "name": "(anonymous_2)",
        "decl": {
          "start": {
            "line": 12,
            "column": 27
          },
          "end": {
            "line": 12,
            "column": 28
          }
        },
        "loc": {
          "start": {
            "line": 12,
            "column": 117
          },
          "end": {
            "line": 16,
            "column": 2
          }
        },
        "line": 12
      },
      "3": {
        "name": "(anonymous_3)",
        "decl": {
          "start": {
            "line": 18,
            "column": 27
          },
          "end": {
            "line": 18,
            "column": 28
          }
        },
        "loc": {
          "start": {
            "line": 18,
            "column": 58
          },
          "end": {
            "line": 18,
            "column": 89
          }
        },
        "line": 18
      },
      "4": {
        "name": "(anonymous_4)",
        "decl": {
          "start": {
            "line": 20,
            "column": 29
          },
          "end": {
            "line": 20,
            "column": 30
          }
        },
        "loc": {
          "start": {
            "line": 20,
            "column": 59
          },
          "end": {
            "line": 28,
            "column": 1
          }
        },
        "line": 20
      },
      "5": {
        "name": "(anonymous_5)",
        "decl": {
          "start": {
            "line": 21,
            "column": 38
          },
          "end": {
            "line": 21,
            "column": 39
          }
        },
        "loc": {
          "start": {
            "line": 21,
            "column": 51
          },
          "end": {
            "line": 27,
            "column": 5
          }
        },
        "line": 21
      },
      "6": {
        "name": "(anonymous_6)",
        "decl": {
          "start": {
            "line": 22,
            "column": 19
          },
          "end": {
            "line": 22,
            "column": 20
          }
        },
        "loc": {
          "start": {
            "line": 22,
            "column": 25
          },
          "end": {
            "line": 26,
            "column": 9
          }
        },
        "line": 22
      }
    },
    "branchMap": {},
    "s": {
      "0": 22,
      "1": 22,
      "2": 22,
      "3": 4,
      "4": 22,
      "5": 2,
      "6": 22,
      "7": 1,
      "8": 22,
      "9": 0,
      "10": 0,
      "11": 0
    },
    "f": {
      "0": 22,
      "1": 4,
      "2": 2,
      "3": 1,
      "4": 0,
      "5": 0,
      "6": 0
    },
    "b": {},
    "_coverageSchema": "1a1c01bbd47fc00a2c39e90264f33305004495a9",
    "hash": "abb5ca15a0c20561ab862489c9f06373fbe585af"
  },
  "C:\\Users\\joy-j\\Desktop\\orderAndPay\\order-and-pay-frontend-admin\\src\\overmind\\tables\\index.ts": {
    "path": "C:\\Users\\joy-j\\Desktop\\orderAndPay\\order-and-pay-frontend-admin\\src\\overmind\\tables\\index.ts",
    "statementMap": {},
    "fnMap": {},
    "branchMap": {},
    "s": {},
    "f": {},
    "b": {},
    "_coverageSchema": "1a1c01bbd47fc00a2c39e90264f33305004495a9",
    "hash": "3feb6556fd537146ab69e7eb6891252f159b68a6"
  },
  "C:\\Users\\joy-j\\Desktop\\orderAndPay\\order-and-pay-frontend-admin\\src\\overmind\\app\\state.ts": {
    "path": "C:\\Users\\joy-j\\Desktop\\orderAndPay\\order-and-pay-frontend-admin\\src\\overmind\\app\\state.ts",
    "statementMap": {
      "0": {
        "start": {
          "line": 10,
          "column": 28
        },
        "end": {
          "line": 15,
          "column": 1
        }
      },
      "1": {
        "start": {
          "line": 14,
          "column": 52
        },
        "end": {
          "line": 14,
          "column": 97
        }
      }
    },
    "fnMap": {
      "0": {
        "name": "(anonymous_0)",
        "decl": {
          "start": {
            "line": 14,
            "column": 34
          },
          "end": {
            "line": 14,
            "column": 35
          }
        },
        "loc": {
          "start": {
            "line": 14,
            "column": 52
          },
          "end": {
            "line": 14,
            "column": 97
          }
        },
        "line": 14
      }
    },
    "branchMap": {
      "0": {
        "loc": {
          "start": {
            "line": 11,
            "column": 25
          },
          "end": {
            "line": 11,
            "column": 63
          }
        },
        "type": "cond-expr",
        "locations": [
          {
            "start": {
              "line": 11,
              "column": 51
            },
            "end": {
              "line": 11,
              "column": 56
            }
          },
          {
            "start": {
              "line": 11,
              "column": 59
            },
            "end": {
              "line": 11,
              "column": 63
            }
          }
        ],
        "line": 11
      },
      "1": {
        "loc": {
          "start": {
            "line": 14,
            "column": 52
          },
          "end": {
            "line": 14,
            "column": 97
          }
        },
        "type": "binary-expr",
        "locations": [
          {
            "start": {
              "line": 14,
              "column": 52
            },
            "end": {
              "line": 14,
              "column": 67
            }
          },
          {
            "start": {
              "line": 14,
              "column": 71
            },
            "end": {
              "line": 14,
              "column": 97
            }
          }
        ],
        "line": 14
      }
    },
    "s": {
      "0": 22,
      "1": 22
    },
    "f": {
      "0": 22
    },
    "b": {
      "0": [
        0,
        22
      ],
      "1": [
        22,
        22
      ]
    },
    "_coverageSchema": "1a1c01bbd47fc00a2c39e90264f33305004495a9",
    "hash": "1c7ab7f5eee24cae99c2458b380b2fc6995b0429"
  },
  "C:\\Users\\joy-j\\Desktop\\orderAndPay\\order-and-pay-frontend-admin\\src\\overmind\\app\\actions.ts": {
    "path": "C:\\Users\\joy-j\\Desktop\\orderAndPay\\order-and-pay-frontend-admin\\src\\overmind\\app\\actions.ts",
    "statementMap": {
      "0": {
        "start": {
          "line": 3,
          "column": 36
        },
        "end": {
          "line": 5,
          "column": 1
        }
      },
      "1": {
        "start": {
          "line": 4,
          "column": 4
        },
        "end": {
          "line": 4,
          "column": 64
        }
      },
      "2": {
        "start": {
          "line": 7,
          "column": 29
        },
        "end": {
          "line": 9,
          "column": 1
        }
      },
      "3": {
        "start": {
          "line": 8,
          "column": 4
        },
        "end": {
          "line": 8,
          "column": 48
        }
      },
      "4": {
        "start": {
          "line": 11,
          "column": 29
        },
        "end": {
          "line": 13,
          "column": 1
        }
      },
      "5": {
        "start": {
          "line": 12,
          "column": 4
        },
        "end": {
          "line": 12,
          "column": 66
        }
      },
      "6": {
        "start": {
          "line": 15,
          "column": 28
        },
        "end": {
          "line": 17,
          "column": 1
        }
      },
      "7": {
        "start": {
          "line": 16,
          "column": 4
        },
        "end": {
          "line": 16,
          "column": 41
        }
      }
    },
    "fnMap": {
      "0": {
        "name": "(anonymous_0)",
        "decl": {
          "start": {
            "line": 3,
            "column": 36
          },
          "end": {
            "line": 3,
            "column": 37
          }
        },
        "loc": {
          "start": {
            "line": 3,
            "column": 75
          },
          "end": {
            "line": 5,
            "column": 1
          }
        },
        "line": 3
      },
      "1": {
        "name": "(anonymous_1)",
        "decl": {
          "start": {
            "line": 7,
            "column": 29
          },
          "end": {
            "line": 7,
            "column": 30
          }
        },
        "loc": {
          "start": {
            "line": 7,
            "column": 59
          },
          "end": {
            "line": 9,
            "column": 1
          }
        },
        "line": 7
      },
      "2": {
        "name": "(anonymous_2)",
        "decl": {
          "start": {
            "line": 11,
            "column": 29
          },
          "end": {
            "line": 11,
            "column": 30
          }
        },
        "loc": {
          "start": {
            "line": 11,
            "column": 59
          },
          "end": {
            "line": 13,
            "column": 1
          }
        },
        "line": 11
      },
      "3": {
        "name": "(anonymous_3)",
        "decl": {
          "start": {
            "line": 15,
            "column": 28
          },
          "end": {
            "line": 15,
            "column": 29
          }
        },
        "loc": {
          "start": {
            "line": 15,
            "column": 56
          },
          "end": {
            "line": 17,
            "column": 1
          }
        },
        "line": 15
      }
    },
    "branchMap": {},
    "s": {
      "0": 22,
      "1": 22,
      "2": 22,
      "3": 0,
      "4": 22,
      "5": 0,
      "6": 22,
      "7": 0
    },
    "f": {
      "0": 22,
      "1": 0,
      "2": 0,
      "3": 0
    },
    "b": {},
    "_coverageSchema": "1a1c01bbd47fc00a2c39e90264f33305004495a9",
    "hash": "c6d6ea27e31aa354dd5d3eb6ee48aba87c2a8f80"
  },
  "C:\\Users\\joy-j\\Desktop\\orderAndPay\\order-and-pay-frontend-admin\\src\\overmind\\app\\index.ts": {
    "path": "C:\\Users\\joy-j\\Desktop\\orderAndPay\\order-and-pay-frontend-admin\\src\\overmind\\app\\index.ts",
    "statementMap": {},
    "fnMap": {},
    "branchMap": {},
    "s": {},
    "f": {},
    "b": {},
    "_coverageSchema": "1a1c01bbd47fc00a2c39e90264f33305004495a9",
    "hash": "ad6f0f16f0b4be05bd6742be9916eea23da04cd0"
  },
  "C:\\Users\\joy-j\\Desktop\\orderAndPay\\order-and-pay-frontend-admin\\src\\overmind\\index.ts": {
    "path": "C:\\Users\\joy-j\\Desktop\\orderAndPay\\order-and-pay-frontend-admin\\src\\overmind\\index.ts",
    "statementMap": {
      "0": {
        "start": {
          "line": 8,
          "column": 22
        },
        "end": {
          "line": 12,
          "column": 2
        }
      },
      "1": {
        "start": {
          "line": 20,
          "column": 27
        },
        "end": {
          "line": 20,
          "column": 53
        }
      },
      "2": {
        "start": {
          "line": 21,
          "column": 26
        },
        "end": {
          "line": 21,
          "column": 54
        }
      }
    },
    "fnMap": {},
    "branchMap": {},
    "s": {
      "0": 22,
      "1": 22,
      "2": 22
    },
    "f": {},
    "b": {},
    "_coverageSchema": "1a1c01bbd47fc00a2c39e90264f33305004495a9",
    "hash": "bf839c01ff574151a59596fca67044934b5c14d0"
  },
  "C:\\Users\\joy-j\\Desktop\\orderAndPay\\order-and-pay-frontend-admin\\src\\pages\\Example\\Example.tsx": {
    "path": "C:\\Users\\joy-j\\Desktop\\orderAndPay\\order-and-pay-frontend-admin\\src\\pages\\Example\\Example.tsx",
    "statementMap": {
      "0": {
        "start": {
          "line": 5,
          "column": 48
        },
        "end": {
          "line": 18,
          "column": 1
        }
      },
      "1": {
        "start": {
          "line": 6,
          "column": 36
        },
        "end": {
          "line": 6,
          "column": 57
        }
      },
      "2": {
        "start": {
          "line": 8,
          "column": 2
        },
        "end": {
          "line": 17,
          "column": 3
        }
      },
      "3": {
        "start": {
          "line": 13,
          "column": 45
        },
        "end": {
          "line": 13,
          "column": 78
        }
      }
    },
    "fnMap": {
      "0": {
        "name": "(anonymous_0)",
        "decl": {
          "start": {
            "line": 5,
            "column": 48
          },
          "end": {
            "line": 5,
            "column": 49
          }
        },
        "loc": {
          "start": {
            "line": 5,
            "column": 54
          },
          "end": {
            "line": 18,
            "column": 1
          }
        },
        "line": 5
      },
      "1": {
        "name": "(anonymous_1)",
        "decl": {
          "start": {
            "line": 13,
            "column": 21
          },
          "end": {
            "line": 13,
            "column": 22
          }
        },
        "loc": {
          "start": {
            "line": 13,
            "column": 45
          },
          "end": {
            "line": 13,
            "column": 78
          }
        },
        "line": 13
      }
    },
    "branchMap": {
      "0": {
        "loc": {
          "start": {
            "line": 11,
            "column": 7
          },
          "end": {
            "line": 15,
            "column": 7
          }
        },
        "type": "cond-expr",
        "locations": [
          {
            "start": {
              "line": 11,
              "column": 24
            },
            "end": {
              "line": 11,
              "column": 47
            }
          },
          {
            "start": {
              "line": 12,
              "column": 8
            },
            "end": {
              "line": 14,
              "column": 13
            }
          }
        ],
        "line": 11
      }
    },
    "s": {
      "0": 22,
      "1": 0,
      "2": 0,
      "3": 0
    },
    "f": {
      "0": 0,
      "1": 0
    },
    "b": {
      "0": [
        0,
        0
      ]
    },
    "_coverageSchema": "1a1c01bbd47fc00a2c39e90264f33305004495a9",
    "hash": "94031a3c0a41f7a145305ae0240063ba69226ff6"
  },
  "C:\\Users\\joy-j\\Desktop\\orderAndPay\\order-and-pay-frontend-admin\\src\\pages\\Home\\Home.tsx": {
    "path": "C:\\Users\\joy-j\\Desktop\\orderAndPay\\order-and-pay-frontend-admin\\src\\pages\\Home\\Home.tsx",
    "statementMap": {
      "0": {
        "start": {
          "line": 3,
          "column": 45
        },
        "end": {
          "line": 10,
          "column": 1
        }
      },
      "1": {
        "start": {
          "line": 4,
          "column": 4
        },
        "end": {
          "line": 9,
          "column": 5
        }
      }
    },
    "fnMap": {
      "0": {
        "name": "(anonymous_0)",
        "decl": {
          "start": {
            "line": 3,
            "column": 45
          },
          "end": {
            "line": 3,
            "column": 46
          }
        },
        "loc": {
          "start": {
            "line": 3,
            "column": 51
          },
          "end": {
            "line": 10,
            "column": 1
          }
        },
        "line": 3
      }
    },
    "branchMap": {},
    "s": {
      "0": 22,
      "1": 0
    },
    "f": {
      "0": 0
    },
    "b": {},
    "_coverageSchema": "1a1c01bbd47fc00a2c39e90264f33305004495a9",
    "hash": "38b08381f15779c2223d1a64c8ba0c93689fbefe"
  },
  "C:\\Users\\joy-j\\Desktop\\orderAndPay\\order-and-pay-frontend-admin\\src\\components\\Buttons\\IconButton.tsx": {
    "path": "C:\\Users\\joy-j\\Desktop\\orderAndPay\\order-and-pay-frontend-admin\\src\\components\\Buttons\\IconButton.tsx",
    "statementMap": {
      "0": {
        "start": {
          "line": 11,
          "column": 68
        },
        "end": {
          "line": 17,
          "column": 1
        }
      },
      "1": {
        "start": {
          "line": 12,
          "column": 4
        },
        "end": {
          "line": 16,
          "column": 5
        }
      }
    },
    "fnMap": {
      "0": {
        "name": "(anonymous_0)",
        "decl": {
          "start": {
            "line": 11,
            "column": 68
          },
          "end": {
            "line": 11,
            "column": 69
          }
        },
        "loc": {
          "start": {
            "line": 11,
            "column": 79
          },
          "end": {
            "line": 17,
            "column": 1
          }
        },
        "line": 11
      }
    },
    "branchMap": {},
    "s": {
      "0": 22,
      "1": 822
    },
    "f": {
      "0": 822
    },
    "b": {},
    "_coverageSchema": "1a1c01bbd47fc00a2c39e90264f33305004495a9",
    "hash": "f71e2e095dee9efb0a7727adc29bba5e62bb8d5e"
  },
  "C:\\Users\\joy-j\\Desktop\\orderAndPay\\order-and-pay-frontend-admin\\src\\components\\Buttons\\PrimaryButton.tsx": {
    "path": "C:\\Users\\joy-j\\Desktop\\orderAndPay\\order-and-pay-frontend-admin\\src\\components\\Buttons\\PrimaryButton.tsx",
    "statementMap": {
      "0": {
        "start": {
          "line": 12,
          "column": 67
        },
        "end": {
          "line": 19,
          "column": 1
        }
      },
      "1": {
        "start": {
          "line": 13,
          "column": 4
        },
        "end": {
          "line": 18,
          "column": 5
        }
      }
    },
    "fnMap": {
      "0": {
        "name": "(anonymous_0)",
        "decl": {
          "start": {
            "line": 12,
            "column": 67
          },
          "end": {
            "line": 12,
            "column": 68
          }
        },
        "loc": {
          "start": {
            "line": 12,
            "column": 78
          },
          "end": {
            "line": 19,
            "column": 1
          }
        },
        "line": 12
      }
    },
    "branchMap": {},
    "s": {
      "0": 22,
      "1": 276
    },
    "f": {
      "0": 276
    },
    "b": {},
    "_coverageSchema": "1a1c01bbd47fc00a2c39e90264f33305004495a9",
    "hash": "0cb56dbfb24fc60d475fb26ba017521c03894309"
  },
  "C:\\Users\\joy-j\\Desktop\\orderAndPay\\order-and-pay-frontend-admin\\src\\components\\Errors\\ErrorBanner.tsx": {
    "path": "C:\\Users\\joy-j\\Desktop\\orderAndPay\\order-and-pay-frontend-admin\\src\\components\\Errors\\ErrorBanner.tsx",
    "statementMap": {
      "0": {
        "start": {
          "line": 9,
          "column": 70
        },
        "end": {
          "line": 21,
          "column": 1
        }
      },
      "1": {
        "start": {
          "line": 10,
          "column": 4
        },
        "end": {
          "line": 20,
          "column": 5
        }
      },
      "2": {
        "start": {
          "line": 16,
          "column": 80
        },
        "end": {
          "line": 16,
          "column": 105
        }
      }
    },
    "fnMap": {
      "0": {
        "name": "(anonymous_0)",
        "decl": {
          "start": {
            "line": 9,
            "column": 70
          },
          "end": {
            "line": 9,
            "column": 71
          }
        },
        "loc": {
          "start": {
            "line": 9,
            "column": 81
          },
          "end": {
            "line": 21,
            "column": 1
          }
        },
        "line": 9
      },
      "1": {
        "name": "(anonymous_1)",
        "decl": {
          "start": {
            "line": 16,
            "column": 64
          },
          "end": {
            "line": 16,
            "column": 65
          }
        },
        "loc": {
          "start": {
            "line": 16,
            "column": 80
          },
          "end": {
            "line": 16,
            "column": 105
          }
        },
        "line": 16
      }
    },
    "branchMap": {
      "0": {
        "loc": {
          "start": {
            "line": 16,
            "column": 21
          },
          "end": {
            "line": 16,
            "column": 107
          }
        },
        "type": "binary-expr",
        "locations": [
          {
            "start": {
              "line": 16,
              "column": 21
            },
            "end": {
              "line": 16,
              "column": 38
            }
          },
          {
            "start": {
              "line": 16,
              "column": 42
            },
            "end": {
              "line": 16,
              "column": 107
            }
          }
        ],
        "line": 16
      }
    },
    "s": {
      "0": 22,
      "1": 0,
      "2": 0
    },
    "f": {
      "0": 0,
      "1": 0
    },
    "b": {
      "0": [
        0,
        0
      ]
    },
    "_coverageSchema": "1a1c01bbd47fc00a2c39e90264f33305004495a9",
    "hash": "a080de8518667eef5713513da2041b3dc38ea716"
  },
  "C:\\Users\\joy-j\\Desktop\\orderAndPay\\order-and-pay-frontend-admin\\src\\components\\Buttons\\SecondaryButton.tsx": {
    "path": "C:\\Users\\joy-j\\Desktop\\orderAndPay\\order-and-pay-frontend-admin\\src\\components\\Buttons\\SecondaryButton.tsx",
    "statementMap": {
      "0": {
        "start": {
          "line": 8,
          "column": 69
        },
        "end": {
          "line": 14,
          "column": 1
        }
      },
      "1": {
        "start": {
          "line": 9,
          "column": 4
        },
        "end": {
          "line": 13,
          "column": 5
        }
      }
    },
    "fnMap": {
      "0": {
        "name": "(anonymous_0)",
        "decl": {
          "start": {
            "line": 8,
            "column": 69
          },
          "end": {
            "line": 8,
            "column": 70
          }
        },
        "loc": {
          "start": {
            "line": 8,
            "column": 80
          },
          "end": {
            "line": 14,
            "column": 1
          }
        },
        "line": 8
      }
    },
    "branchMap": {},
    "s": {
      "0": 22,
      "1": 44
    },
    "f": {
      "0": 44
    },
    "b": {},
[...]
              "column": 35
            },
            "end": {
              "line": 36,
              "column": 170
            }
          },
          {
            "start": {
              "line": 36,
              "column": 173
            },
            "end": {
              "line": 36,
              "column": 175
            }
          }
        ],
        "line": 36
      },
      "1": {
        "loc": {
          "start": {
            "line": 36,
            "column": 105
          },
          "end": {
            "line": 36,
            "column": 168
          }
        },
        "type": "cond-expr",
        "locations": [
          {
            "start": {
              "line": 36,
              "column": 128
            },
            "end": {
              "line": 36,
              "column": 148
            }
          },
          {
            "start": {
              "line": 36,
              "column": 151
            },
            "end": {
              "line": 36,
              "column": 168
            }
          }
        ],
        "line": 36
      },
      "2": {
        "loc": {
          "start": {
            "line": 36,
            "column": 269
          },
          "end": {
            "line": 36,
            "column": 309
          }
        },
        "type": "binary-expr",
        "locations": [
          {
            "start": {
              "line": 36,
              "column": 269
            },
            "end": {
              "line": 36,
              "column": 289
            }
          },
          {
            "start": {
              "line": 36,
              "column": 293
            },
            "end": {
              "line": 36,
              "column": 309
            }
          }
        ],
        "line": 36
      },
      "3": {
        "loc": {
          "start": {
            "line": 41,
            "column": 140
          },
          "end": {
            "line": 41,
            "column": 189
          }
        },
        "type": "cond-expr",
        "locations": [
          {
            "start": {
              "line": 41,
              "column": 162
            },
            "end": {
              "line": 41,
              "column": 175
            }
          },
          {
            "start": {
              "line": 41,
              "column": 178
            },
            "end": {
              "line": 41,
              "column": 189
            }
          }
        ],
        "line": 41
      },
      "4": {
        "loc": {
          "start": {
            "line": 47,
            "column": 74
          },
          "end": {
            "line": 47,
            "column": 100
          }
        },
        "type": "binary-expr",
        "locations": [
          {
            "start": {
              "line": 47,
              "column": 74
            },
            "end": {
              "line": 47,
              "column": 82
            }
          },
          {
            "start": {
              "line": 47,
              "column": 86
            },
            "end": {
              "line": 47,
              "column": 100
            }
          }
        ],
        "line": 47
      },
      "5": {
        "loc": {
          "start": {
            "line": 47,
            "column": 190
          },
          "end": {
            "line": 47,
            "column": 226
          }
        },
        "type": "cond-expr",
        "locations": [
          {
            "start": {
              "line": 47,
              "column": 213
            },
            "end": {
              "line": 47,
              "column": 222
            }
          },
          {
            "start": {
              "line": 47,
              "column": 224
            },
            "end": {
              "line": 47,
              "column": 226
            }
          }
        ],
        "line": 47
      },
      "6": {
        "loc": {
          "start": {
            "line": 49,
            "column": 124
          },
          "end": {
            "line": 49,
            "column": 173
          }
        },
        "type": "cond-expr",
        "locations": [
          {
            "start": {
              "line": 49,
              "column": 146
            },
            "end": {
              "line": 49,
              "column": 159
            }
          },
          {
            "start": {
              "line": 49,
              "column": 162
            },
            "end": {
              "line": 49,
              "column": 173
            }
          }
        ],
        "line": 49
      },
      "7": {
        "loc": {
          "start": {
            "line": 55,
            "column": 13
          },
          "end": {
            "line": 55,
            "column": 122
          }
        },
        "type": "binary-expr",
        "locations": [
          {
            "start": {
              "line": 55,
              "column": 13
            },
            "end": {
              "line": 55,
              "column": 32
            }
          },
          {
            "start": {
              "line": 55,
              "column": 36
            },
            "end": {
              "line": 55,
              "column": 44
            }
          },
          {
            "start": {
              "line": 55,
              "column": 48
            },
            "end": {
              "line": 55,
              "column": 122
            }
          }
        ],
        "line": 55
      }
    },
    "s": {
      "0": 22,
      "1": 44,
      "2": 44,
      "3": 44,
      "4": 44,
      "5": 88,
      "6": 176,
      "7": 0,
      "8": 0
    },
    "f": {
      "0": 44,
      "1": 88,
      "2": 176,
      "3": 0,
      "4": 0
    },
    "b": {
      "0": [
        0,
        44
      ],
      "1": [
        0,
        0
      ],
      "2": [
        44,
        0
      ],
      "3": [
        88,
        0
      ],
      "4": [
        0,
        0
      ],
      "5": [
        0,
        176
      ],
      "6": [
        176,
        0
      ],
      "7": [
        44,
        44,
        0
      ]
    },
    "_coverageSchema": "1a1c01bbd47fc00a2c39e90264f33305004495a9",
    "hash": "730a224b39fe90e1fa1e694a4e58a5ef192fce52"
  },
  "C:\\Users\\joy-j\\Desktop\\orderAndPay\\order-and-pay-frontend-admin\\src\\components\\Search\\Search.tsx": {
    "path": "C:\\Users\\joy-j\\Desktop\\orderAndPay\\order-and-pay-frontend-admin\\src\\components\\Search\\Search.tsx",
    "statementMap": {
      "0": {
        "start": {
          "line": 4,
          "column": 47
        },
        "end": {
          "line": 13,
          "column": 1
        }
      },
      "1": {
        "start": {
          "line": 5,
          "column": 4
        },
        "end": {
          "line": 12,
          "column": 5
        }
      }
    },
    "fnMap": {
      "0": {
        "name": "(anonymous_0)",
        "decl": {
          "start": {
            "line": 4,
            "column": 47
          },
          "end": {
            "line": 4,
            "column": 48
          }
        },
        "loc": {
          "start": {
            "line": 4,
            "column": 53
          },
          "end": {
            "line": 13,
            "column": 1
          }
        },
        "line": 4
      }
    },
    "branchMap": {},
    "s": {
      "0": 22,
      "1": 44
    },
    "f": {
      "0": 44
    },
    "b": {},
    "_coverageSchema": "1a1c01bbd47fc00a2c39e90264f33305004495a9",
    "hash": "8f4101f7511ba8984fb81b8860a22ed899566096"
  },
  "C:\\Users\\joy-j\\Desktop\\orderAndPay\\order-and-pay-frontend-admin\\src\\components\\Navigation\\Topbar.tsx": {
    "path": "C:\\Users\\joy-j\\Desktop\\orderAndPay\\order-and-pay-frontend-admin\\src\\components\\Navigation\\Topbar.tsx",
    "statementMap": {
      "0": {
        "start": {
          "line": 8,
          "column": 47
        },
        "end": {
          "line": 42,
          "column": 1
        }
      },
      "1": {
        "start": {
          "line": 9,
          "column": 30
        },
        "end": {
          "line": 9,
          "column": 46
        }
      },
      "2": {
        "start": {
          "line": 10,
          "column": 25
        },
        "end": {
          "line": 10,
          "column": 42
        }
      },
      "3": {
        "start": {
          "line": 12,
          "column": 4
        },
        "end": {
          "line": 41,
          "column": 5
        }
      },
      "4": {
        "start": {
          "line": 15,
          "column": 112
        },
        "end": {
          "line": 15,
          "column": 127
        }
      },
      "5": {
        "start": {
          "line": 25,
          "column": 103
        },
        "end": {
          "line": 25,
          "column": 105
        }
      },
      "6": {
        "start": {
          "line": 28,
          "column": 88
        },
        "end": {
          "line": 28,
          "column": 90
        }
      }
    },
    "fnMap": {
      "0": {
        "name": "(anonymous_0)",
        "decl": {
          "start": {
            "line": 8,
            "column": 47
          },
          "end": {
            "line": 8,
            "column": 48
          }
        },
        "loc": {
          "start": {
            "line": 8,
            "column": 53
          },
          "end": {
            "line": 42,
            "column": 1
          }
        },
        "line": 8
      },
      "1": {
        "name": "(anonymous_1)",
        "decl": {
          "start": {
            "line": 15,
            "column": 106
          },
          "end": {
            "line": 15,
            "column": 107
          }
        },
        "loc": {
          "start": {
            "line": 15,
            "column": 112
          },
          "end": {
            "line": 15,
            "column": 127
          }
        },
        "line": 15
      },
      "2": {
        "name": "(anonymous_2)",
        "decl": {
          "start": {
            "line": 25,
            "column": 97
          },
          "end": {
            "line": 25,
            "column": 98
          }
        },
        "loc": {
          "start": {
            "line": 25,
            "column": 103
          },
          "end": {
            "line": 25,
            "column": 105
          }
        },
        "line": 25
      },
      "3": {
        "name": "(anonymous_3)",
        "decl": {
          "start": {
            "line": 28,
            "column": 82
          },
          "end": {
            "line": 28,
            "column": 83
          }
        },
        "loc": {
          "start": {
            "line": 28,
            "column": 88
          },
          "end": {
            "line": 28,
            "column": 90
          }
        },
        "line": 28
      }
    },
    "branchMap": {
      "0": {
        "loc": {
          "start": {
            "line": 25,
            "column": 21
          },
          "end": {
            "line": 25,
            "column": 109
          }
        },
        "type": "binary-expr",
        "locations": [
          {
            "start": {
              "line": 25,
              "column": 21
            },
            "end": {
              "line": 25,
              "column": 29
            }
          },
          {
            "start": {
              "line": 25,
              "column": 33
            },
            "end": {
              "line": 25,
              "column": 109
            }
          }
        ],
        "line": 25
      }
    },
    "s": {
      "0": 22,
      "1": 44,
      "2": 44,
      "3": 44,
      "4": 0,
      "5": 0,
      "6": 0
    },
    "f": {
      "0": 44,
      "1": 0,
      "2": 0,
      "3": 0
    },
    "b": {
      "0": [
        44,
        0
      ]
    },
    "_coverageSchema": "1a1c01bbd47fc00a2c39e90264f33305004495a9",
    "hash": "a2036e2d7b7c346a28082d58d76d84ffa46b33d4"
  },
  "C:\\Users\\joy-j\\Desktop\\orderAndPay\\order-and-pay-frontend-admin\\src\\components\\App\\App.tsx": {
    "path": "C:\\Users\\joy-j\\Desktop\\orderAndPay\\order-and-pay-frontend-admin\\src\\components\\App\\App.tsx",
    "statementMap": {
      "0": {
        "start": {
          "line": 12,
          "column": 44
        },
        "end": {
          "line": 43,
          "column": 1
        }
      },
      "1": {
        "start": {
          "line": 13,
          "column": 25
        },
        "end": {
          "line": 13,
          "column": 45
        }
      },
      "2": {
        "start": {
          "line": 15,
          "column": 2
        },
        "end": {
          "line": 17,
          "column": 18
        }
      },
      "3": {
        "start": {
          "line": 16,
          "column": 4
        },
        "end": {
          "line": 16,
          "column": 16
        }
      },
      "4": {
        "start": {
          "line": 19,
          "column": 2
        },
        "end": {
          "line": 42,
          "column": 3
        }
      }
    },
    "fnMap": {
      "0": {
        "name": "(anonymous_0)",
        "decl": {
          "start": {
            "line": 12,
            "column": 44
          },
          "end": {
            "line": 12,
            "column": 45
          }
        },
        "loc": {
          "start": {
            "line": 12,
            "column": 50
          },
          "end": {
            "line": 43,
            "column": 1
          }
        },
        "line": 12
      },
      "1": {
        "name": "(anonymous_1)",
        "decl": {
          "start": {
            "line": 15,
            "column": 12
          },
          "end": {
            "line": 15,
            "column": 13
          }
        },
        "loc": {
          "start": {
            "line": 15,
            "column": 18
          },
          "end": {
            "line": 17,
            "column": 3
          }
        },
        "line": 15
      }
    },
    "branchMap": {},
    "s": {
      "0": 22,
      "1": 44,
      "2": 44,
      "3": 22,
      "4": 44
    },
    "f": {
      "0": 44,
      "1": 22
    },
    "b": {},
    "_coverageSchema": "1a1c01bbd47fc00a2c39e90264f33305004495a9",
    "hash": "1e35d400900c7fffe92797a87e4858255e9cef1d"
  },
  "C:\\Users\\joy-j\\Desktop\\orderAndPay\\order-and-pay-frontend-admin\\src\\reportWebVitals.ts": {
    "path": "C:\\Users\\joy-j\\Desktop\\orderAndPay\\order-and-pay-frontend-admin\\src\\reportWebVitals.ts",
    "statementMap": {
      "0": {
        "start": {
          "line": 3,
          "column": 24
        },
        "end": {
          "line": 13,
          "column": 1
        }
      },
      "1": {
        "start": {
          "line": 4,
          "column": 2
        },
        "end": {
          "line": 12,
          "column": 3
        }
      },
      "2": {
        "start": {
          "line": 5,
          "column": 4
        },
        "end": {
          "line": 11,
          "column": 7
        }
      },
      "3": {
        "start": {
          "line": 6,
          "column": 6
        },
        "end": {
          "line": 6,
          "column": 26
        }
      },
      "4": {
        "start": {
          "line": 7,
          "column": 6
        },
        "end": {
          "line": 7,
          "column": 26
        }
      },
      "5": {
        "start": {
          "line": 8,
          "column": 6
        },
        "end": {
          "line": 8,
          "column": 26
        }
      },
      "6": {
        "start": {
          "line": 9,
          "column": 6
        },
        "end": {
          "line": 9,
          "column": 26
        }
      },
      "7": {
        "start": {
          "line": 10,
          "column": 6
        },
        "end": {
          "line": 10,
          "column": 27
        }
      }
    },
    "fnMap": {
      "0": {
        "name": "(anonymous_0)",
        "decl": {
          "start": {
            "line": 3,
            "column": 24
          },
          "end": {
            "line": 3,
            "column": 25
          }
        },
        "loc": {
          "start": {
            "line": 3,
            "column": 57
          },
          "end": {
            "line": 13,
            "column": 1
          }
        },
        "line": 3
      },
      "1": {
        "name": "(anonymous_1)",
        "decl": {
          "start": {
            "line": 5,
            "column": 30
          },
          "end": {
            "line": 5,
            "column": 31
          }
        },
        "loc": {
          "start": {
            "line": 5,
            "column": 79
          },
          "end": {
            "line": 11,
            "column": 5
          }
        },
        "line": 5
      }
    },
    "branchMap": {
      "0": {
        "loc": {
          "start": {
            "line": 4,
            "column": 2
          },
          "end": {
            "line": 12,
            "column": 3
          }
        },
        "type": "if",
        "locations": [
          {
            "start": {
              "line": 4,
              "column": 2
            },
            "end": {
              "line": 12,
              "column": 3
            }
          },
          {
            "start": {
              "line": 4,
              "column": 2
            },
            "end": {
              "line": 12,
              "column": 3
            }
          }
        ],
        "line": 4
      },
      "1": {
        "loc": {
          "start": {
            "line": 4,
            "column": 6
          },
          "end": {
            "line": 4,
            "column": 52
          }
        },
        "type": "binary-expr",
        "locations": [
          {
            "start": {
              "line": 4,
              "column": 6
            },
            "end": {
              "line": 4,
              "column": 17
            }
          },
          {
            "start": {
              "line": 4,
              "column": 21
            },
            "end": {
              "line": 4,
              "column": 52
            }
          }
        ],
        "line": 4
      }
    },
    "s": {
      "0": 22,
      "1": 22,
      "2": 0,
      "3": 0,
      "4": 0,
      "5": 0,
      "6": 0,
      "7": 0
    },
    "f": {
      "0": 22,
      "1": 0
    },
    "b": {
      "0": [
        0,
        22
      ],
      "1": [
        22,
        0
      ]
    },
    "_coverageSchema": "1a1c01bbd47fc00a2c39e90264f33305004495a9",
    "hash": "3b36ad5099c122504969a88fad7a7b7ec497a2b4"
  },
  "C:\\Users\\joy-j\\Desktop\\orderAndPay\\order-and-pay-frontend-admin\\src\\index.tsx": {
    "path": "C:\\Users\\joy-j\\Desktop\\orderAndPay\\order-and-pay-frontend-admin\\src\\index.tsx",
    "statementMap": {
      "0": {
        "start": {
          "line": 11,
          "column": 22
        },
        "end": {
          "line": 16,
          "column": 1
        }
      },
      "1": {
        "start": {
          "line": 18,
          "column": 0
        },
        "end": {
          "line": 18,
          "column": 28
        }
      },
      "2": {
        "start": {
          "line": 20,
          "column": 17
        },
        "end": {
          "line": 22,
          "column": 2
        }
      },
      "3": {
        "start": {
          "line": 24,
          "column": 0
        },
        "end": {
          "line": 31,
          "column": 2
        }
      },
      "4": {
        "start": {
          "line": 36,
          "column": 0
        },
        "end": {
          "line": 36,
          "column": 18
        }
      }
    },
    "fnMap": {},
    "branchMap": {},
    "s": {
      "0": 22,
      "1": 22,
      "2": 22,
      "3": 22,
      "4": 22
    },
    "f": {},
    "b": {},
    "_coverageSchema": "1a1c01bbd47fc00a2c39e90264f33305004495a9",
    "hash": "7282ab5bf9124b35f296fb9aa64e9809ece7091c"
  }
}